#
#model:
#
#<?xml version="1.0" encoding="UTF-8" standalone="no"?><input id="posterior" spec="beast.core.util.CompoundDistribution">
#    <distribution id="prior" spec="beast.core.util.CompoundDistribution">
#        <distribution id="YuleModel.t:alignment_twin_evidence" spec="beast.evolution.speciation.YuleModel">
#            <parameter id="birthRate.t:alignment_twin_evidence" name="birthDiffRate" spec="beast.core.parameter.RealParameter">1.0</parameter>
#            <tree id="Tree.t:alignment_twin_evidence" spec="beast.evolution.tree.Tree">
#                <taxonset id="TaxonSet.alignment_twin_evidence" spec="beast.evolution.alignment.TaxonSet">
#                </taxonset>
#            </tree>
#        </distribution>
#        <prior id="YuleBirthRatePrior.t:alignment_twin_evidence" name="distribution" x="@birthRate.t:alignment_twin_evidence">
#            <Uniform id="Uniform.100" name="distr" upper="Infinity"/>
#        </prior>
#        <prior id="kappa1Prior.s:alignment_twin_evidence" name="distribution">
#            <parameter id="kappa1.s:alignment_twin_evidence" lower="0.0" name="x" spec="beast.core.parameter.RealParameter">2.0</parameter>
#            <LogNormal id="LogNormalDistributionModel.0" name="distr">
#                <parameter estimate="false" id="RealParameter.0" name="M" spec="beast.core.parameter.RealParameter">1.0</parameter>
#                <parameter estimate="false" id="RealParameter.1" lower="0.0" name="S" spec="beast.core.parameter.RealParameter" upper="Infinity">1.25</parameter>
#            </LogNormal>
#        </prior>
#        <prior id="kappa2Prior.s:alignment_twin_evidence" name="distribution">
#            <parameter id="kappa2.s:alignment_twin_evidence" lower="0.0" name="x" spec="beast.core.parameter.RealParameter">2.0</parameter>
#            <LogNormal id="LogNormalDistributionModel.1" name="distr">
#                <parameter estimate="false" id="RealParameter.2" name="M" spec="beast.core.parameter.RealParameter">1.0</parameter>
#                <parameter estimate="false" id="RealParameter.3" lower="0.0" name="S" spec="beast.core.parameter.RealParameter" upper="Infinity">1.25</parameter>
#            </LogNormal>
#        </prior>
#    </distribution>
#    <distribution id="likelihood" spec="beast.core.util.CompoundDistribution" useThreads="true">
#        <distribution data="@alignment_twin_evidence" id="treeLikelihood.alignment_twin_evidence" spec="beast.evolution.likelihood.ThreadedTreeLikelihood" tree="@Tree.t:alignment_twin_evidence">
#            <siteModel id="SiteModel.s:alignment_twin_evidence" spec="beast.evolution.sitemodel.SiteModel">
#                <parameter estimate="false" id="mutationRate.s:alignment_twin_evidence" name="mutationRate" spec="beast.core.parameter.RealParameter">1.0</parameter>
#                <parameter estimate="false" id="gammaShape.s:alignment_twin_evidence" name="shape" spec="beast.core.parameter.RealParameter">1.0</parameter>
#                <parameter estimate="false" id="proportionInvariant.s:alignment_twin_evidence" lower="0.0" name="proportionInvariant" spec="beast.core.parameter.RealParameter" upper="1.0">0.0</parameter>
#                <substModel id="tn93.s:alignment_twin_evidence" kappa1="@kappa1.s:alignment_twin_evidence" kappa2="@kappa2.s:alignment_twin_evidence" spec="beast.evolution.substitutionmodel.TN93">
#                    <frequencies id="estimatedFreqs.s:alignment_twin_evidence" spec="beast.evolution.substitutionmodel.Frequencies">
#                        <parameter dimension="4" id="freqParameter.s:alignment_twin_evidence" lower="0.0" name="frequencies" spec="beast.core.parameter.RealParameter" upper="1.0">0.25</parameter>
#                    </frequencies>
#                </substModel>
#            </siteModel>
#            <branchRateModel id="StrictClock.c:alignment_twin_evidence" spec="beast.evolution.branchratemodel.StrictClockModel">
#                <parameter estimate="false" id="clockRate.c:alignment_twin_evidence" name="clock.rate" spec="beast.core.parameter.RealParameter">1.0</parameter>
#            </branchRateModel>
#        </distribution>
#    </distribution>
#</input>
#
Sample	NSlikelihood	posterior	likelihood	prior	treeLikelihood	TreeHeight	kappa1	kappa2	freqParameter.1	freqParameter.2	freqParameter.3	freqParameter.4	YuleModel	birthRate
0	-11031.5673342785	-11032.599938800142	-11031.5673342785	-1.0326045216418254	-11031.5673342785	0.27409355510519257	1.5485912402139	6.123485184587844	0.2310679968917304	0.25842456649085244	0.2591158589414208	0.2513915776759964	3.8134006500748465	6.053784216412475
1	-10934.548512232439	-10933.5456422544	-10934.548512232439	1.002869978039116	-10934.548512232439	0.18785504535521233	0.6058209390364817	3.0108053329902584	0.22046558927959395	0.2565591312091833	0.265477484366003	0.2574977951452198	4.612538194154102	7.327160270638063
2	-10508.034248168718	-10509.26973097784	-10508.034248168718	-1.2354828091207768	-10508.034248168718	0.31612884094261623	1.7166921573128768	3.0108053329902584	0.22378685395391634	0.24682947476303962	0.2572140612019468	0.2721696100810973	2.7622255803286695	5.4821067742173515
3	-9942.49436857082	-9945.105820052122	-9942.49436857082	-2.611451481301541	-9942.49436857082	0.3836160599120133	1.5292387095325903	3.1497143110182924	0.22344605675983134	0.24283563916913292	0.26346030512882485	0.270257998942211	1.3576233621854823	2.9809912101705613
4	-8477.691997036525	-8485.223912873375	-8477.691997036525	-7.531915836849449	-8477.691997036525	1.1849388661255091	0.8587712640268811	1.0142345051177841	0.19572796858399222	0.2684122992408455	0.2587793227337541	0.27708040944140827	-4.6499925297391265	1.6467348643281186
5	-8300.99284881988	-8321.153787202928	-8300.99284881988	-20.160938383046634	-8300.99284881988	14.872954814002549	0.4208279249328711	1.0142345051177841	0.19010814151792169	0.2717776276484522	0.2843786894069725	0.2537355414266537	-17.30348705190586	0.17036456968883856
6	-8133.426208541593	-8142.3656657531	-8133.426208541593	-8.939457211507271	-8133.426208541593	1.2697983649278337	0.8537234714020894	1.2229749430219947	0.19595842098522284	0.27598151406569194	0.2615809420992839	0.2664791228498014	-5.978794577307163	1.2685549102616287
7	-8006.671337300895	-8012.477672048109	-8006.671337300895	-5.806334747213878	-8006.671337300895	0.5851754941302378	0.846207758324663	0.6243877474548316	0.2010984042968192	0.2756930982183865	0.2657570273548828	0.25745147012991154	-3.031933587359724	2.4612213822817335
8	-7989.636371324948	-7996.700303499865	-7989.636371324948	-7.063932174916626	-7989.636371324948	0.9075600914931993	0.3467822590114507	0.20808218840347723	0.2088329020660793	0.29378669181432904	0.25849389538584955	0.2388865107337422	-3.9386622673282545	1.0881471768008482
9	-7941.676219354031	-7947.952967458105	-7941.676219354031	-6.276748104074348	-7941.676219354031	0.87294054562422	0.685405659743509	0.9541654224067811	0.20209884994992083	0.3047996598868836	0.2537814162038888	0.23932007395930685	-3.4590969925628454	1.7237892163123638
10	-7935.1872070671325	-7943.318721361485	-7935.1872070671325	-8.131514294351975	-7935.1872070671325	1.2853471272347796	0.9045765923960813	0.6739960116424518	0.20900972746831029	0.28593218394998365	0.24537017065437985	0.25968791792732626	-5.332457097070149	1.195229354728927
11	-7903.145227114526	-7910.748830208288	-7903.145227114526	-7.603603093762387	-7903.145227114526	0.9296543024853718	0.8130864438628227	0.904912866763437	0.2022054316204135	0.2903289866730855	0.2507309996111594	0.25673458209534167	-4.773003868575698	1.982089824406935
12	-7882.126556040832	-7889.203991153402	-7882.126556040832	-7.077435112570038	-7882.126556040832	0.776301368528079	0.9475727592168381	1.3686450810304336	0.20589177862901656	0.2723130697652241	0.23951685610938453	0.2822782954963749	-4.0272390428929725	0.8220868464538146
13	-7874.071763613761	-7881.056123580508	-7874.071763613761	-6.984359966747344	-7874.071763613761	0.8857296863418285	0.9097310852042909	0.9106885215691135	0.20425215293198987	0.2864988848337941	0.24430567648278803	0.2649432857514281	-4.122268725564574	1.0295909714548814
14	-7858.143965661534	-7867.412893499395	-7858.143965661534	-9.268927837860833	-7858.143965661534	0.7524478139808549	0.4785242368516889	0.8729984192927683	0.20424474464068387	0.28590273306357894	0.26000230416599057	0.24985021812974673	-6.479256736465853	3.3618001842467593
15	-7848.0526854993905	-7854.696241822975	-7848.0526854993905	-6.6435563235842965	-7848.0526854993905	0.8447273681842993	0.6587091631719556	0.8729984192927683	0.21338874843930697	0.28545283447692027	0.24740995584950742	0.25374846123426553	-3.8569042203939192	1.3034484627533676
16	-7837.553878591396	-7845.695958826939	-7837.553878591396	-8.142080235542954	-7837.553878591396	0.9705824843968637	0.5820149487010007	0.559166397379155	0.21823495359512174	0.27736707381326275	0.23960966629696703	0.26478830629464867	-5.420158491623302	0.49708716334300523
17	-7825.079822196688	-7831.747359180425	-7825.079822196688	-6.667536983736812	-7825.079822196688	0.7110743208297341	0.6299929511638868	0.7570600770441747	0.22648522152490372	0.2751217168821615	0.23838860931656491	0.2600044522763701	-3.91679975348638	2.10230608934281
18	-7821.552403914684	-7828.170295773501	-7821.552403914684	-6.617891858816895	-7821.552403914684	0.878602060835694	0.7210193756222597	0.7656372537460078	0.2266572274185191	0.27998808651773854	0.23126277052210076	0.26209191554164185	-3.8505602282468887	1.3551177174964935
19	-7819.4875554454575	-7826.547097743972	-7819.4875554454575	-7.0595422985146925	-7819.4875554454575	0.8393413314976843	0.6132957518977097	0.95191917275343	0.22956070548465923	0.2770846084515984	0.2279286143684574	0.2654260716952852	-4.251857159948484	0.7554554155562527
20	-7817.474430408053	-7823.738718450998	-7817.474430408053	-6.264288042944948	-7817.474430408053	0.8254367923939414	0.77201874262463	0.95191917275343	0.2334328230166935	0.25386055348178765	0.23746516383499597	0.2752414596665231	-3.428810765213905	1.2127646348998222
21	-7812.938086115112	-7819.879872859234	-7812.938086115112	-6.941786744121523	-7812.938086115112	0.9309095271301465	0.8491803360974969	0.95191917275343	0.2410188930249566	0.2529961383412574	0.23832748283148864	0.2676574858022976	-4.084886175152725	1.6090352676777795
22	-7812.00130065685	-7821.082271739785	-7812.00130065685	-9.080971082934887	-7812.00130065685	0.9626637592438023	0.7319685035740796	0.7757580024816415	0.2398129746011694	0.25786091542572787	0.23832748283148864	0.2639986271416143	-6.308757714627491	2.7165105047481237
23	-7810.367357790411	-7816.977137017049	-7810.367357790411	-6.609779226637993	-7810.367357790411	0.9146018567994599	0.6812427478149826	0.8521669428725781	0.25581448273848595	0.26624979780605956	0.22350004004577323	0.2544356794096815	-3.826051460294889	1.3824199222423526
24	-7810.218074452599	-7816.845148971267	-7810.218074452599	-6.627074518668212	-7810.218074452599	0.8577631676023623	0.6812427478149826	0.7273973533501686	0.2533586594056795	0.26487866461143633	0.22892393763420724	0.2528387383486772	-3.8761102338874354	1.1155767941994255
25	-7810.033081416558	-7817.029123971471	-7810.033081416558	-6.996042554912432	-7810.033081416558	0.8561079348071853	0.6451798147658094	0.7954570100730148	0.24943984777323583	0.2692469506856977	0.22847446319238954	0.2528387383486772	-4.2338107101388776	0.8249136181365165
26	-7809.715113801264	-7818.005819231486	-7809.715113801264	-8.29070543022202	-7809.715113801264	0.9557606018027288	0.7091764060891739	0.7954570100730148	0.2477049491354928	0.2608887125584215	0.23805227016273134	0.25335406814335465	-5.518089289915186	2.538167330986868
27	-7809.253822513097	-7815.995559540565	-7809.253822513097	-6.7417370274684325	-7809.253822513097	0.8644677085580288	0.7091764060891739	0.9423487483447889	0.24634459626191563	0.275914755937051	0.23065339772508553	0.24708725007594812	-3.923744928863352	1.7045689089609588
28	-7808.860866601658	-7815.491608593553	-7808.860866601658	-6.630741991894594	-7808.860866601658	0.8815903006041795	0.8232663326061825	0.9661911904836359	0.257774997676613	0.2640123334841264	0.23186268570071977	0.24634998313854115	-3.7764895198029285	1.22544380808554
29	-7807.431136352107	-7815.858201017945	-7807.431136352107	-8.427064665838	-7807.431136352107	0.8941621726971565	0.697054144115177	0.7670134129408466	0.2561036180936117	0.26242973957602456	0.2293905211147753	0.25207612121558876	-5.664119638230453	0.4644524923644691
30	-7807.2727899611955	-7814.100418519607	-7807.2727899611955	-6.827628558411568	-7807.2727899611955	0.8294684174808549	0.697054144115177	0.7670134129408466	0.24897055837988458	0.2633640455892194	0.23548975020942023	0.2521756458214761	-4.064683530804023	0.8602856259304323
31	-7806.833527323438	-7813.553816041124	-7806.833527323438	-6.720288717686515	-7806.833527323438	0.859872180011709	0.6556383327152928	0.7670134129408466	0.24639579140459378	0.262010048684365	0.245493496470779	0.24610066344026252	-3.9640465553087534	0.9300603794743079
32	-7806.479414336477	-7814.579885791858	-7806.479414336477	-8.100471455380621	-7806.479414336477	0.9167981728951712	0.6904500877615188	0.962174682891027	0.24786215255902633	0.25063601125210133	0.25057922022850515	0.2509226159603675	-5.279155493280582	2.464396583408356
33	-7806.19630951843	-7812.7467040300235	-7806.19630951843	-6.5503945115936695	-7806.19630951843	0.8653060328571334	0.691753247760319	0.962174682891027	0.253470714485628	0.25096574885227035	0.24081157299542824	0.2547519636666737	-3.7288455990940563	1.15930146848876
34	-7806.1046829527095	-7812.817990177169	-7806.1046829527095	-6.713307224459932	-7806.1046829527095	0.8675275228607758	0.7192725649281031	0.9074664179466273	0.24888863194506033	0.26303700277048647	0.24081157299542824	0.24726279228902523	-3.904961324973604	1.0263891094341937
35	-7805.486077132582	-7812.202877016887	-7805.486077132582	-6.716799884305568	-7805.486077132582	0.9158384353136968	0.6715022256254826	0.9074664179466273	0.2484126412446626	0.2632453587038651	0.24476310361838371	0.24357889643308878	-3.917189995490308	1.361716532824602
36	-7805.3704075838605	-7812.185142425953	-7805.3704075838605	-6.814734842092725	-7805.3704075838605	0.8987633750618828	0.7384451073872386	0.9074664179466273	0.2484126412446626	0.26353038326244954	0.23824386642958292	0.24981310906330517	-4.002244935535471	1.5939605896234958
37	-7805.258655176047	-7811.862030016143	-7805.258655176047	-6.6033748400957535	-7805.258655176047	0.8863677589222383	0.7384451073872386	0.9162213746022981	0.24519225820270757	0.26353038326244954	0.24391388568478328	0.24736347285005986	-3.787995575951336	1.144460732025138
38	-7805.20375148903	-7811.813752341443	-7805.20375148903	-6.610000852413157	-7805.20375148903	0.888986677242961	0.7384451073872386	0.8923052765206335	0.24547034704137877	0.26325229442377834	0.24391388568478328	0.24736347285005986	-3.802438475167079	1.2032027255337283
39	-7805.165033260104	-7812.600225694823	-7805.165033260104	-7.435192434718862	-7805.165033260104	0.8927081086980977	0.7384451073872386	0.8923052765206335	0.24575038366532037	0.26297225779983674	0.24391388568478328	0.24736347285005986	-4.627630057472783	2.114759185555409
40	-7805.00555732246	-7811.9876425644425	-7805.00555732246	-6.982085241982923	-7805.00555732246	0.8857289973854884	0.7384451073872386	0.8923052765206335	0.2465093398397858	0.26297225779983674	0.24315492951031786	0.24736347285005986	-4.174522864736845	1.8053336002670557
41	-7804.978465377393	-7812.144140362787	-7804.978465377393	-7.165674985394055	-7804.978465377393	0.870154360809299	0.744228597135154	0.9338195087262242	0.2483218596075018	0.2611597380321207	0.23950962643632034	0.25100877592405735	-4.343082108532306	0.7534999593689765
42	-7804.965944071856	-7813.574613843195	-7804.965944071856	-8.608669771338587	-7804.965944071856	0.869962198006397	0.744228597135154	0.9338195087262242	0.24676300297430845	0.2611597380321207	0.24079314916158254	0.2512841098319885	-5.786076894476838	0.4442745358116986
43	-7804.960934268792	-7812.02457585003	-7804.960934268792	-7.0636415812375954	-7804.960934268792	0.8855502785664231	0.744228597135154	0.9339879784001797	0.24676300297430845	0.2571059690701013	0.244846918123602	0.2512841098319885	-4.240991657699105	1.8709867081751188
44	-7804.955564938457	-7811.599498959761	-7804.955564938457	-6.643934021303876	-7804.955564938457	0.8843628696177211	0.744228597135154	0.9339879784001797	0.24727122044900712	0.2567574457485785	0.2421608812337703	0.2538104525686443	-3.821284097765386	1.269707668801761
45	-7804.906121971046	-7811.606922324837	-7804.906121971046	-6.700800353790909	-7804.906121971046	0.8748057886223729	0.744228597135154	0.9339879784001797	0.24926732575031452	0.2567574457485785	0.2421608812337703	0.2518143472673369	-3.8781504302524183	1.583789132536304
46	-7804.845661147841	-7811.571862316524	-7804.845661147841	-6.726201168682925	-7804.845661147841	0.8869280774433888	0.744228597135154	0.9339879784001797	0.24926732575031452	0.2567574457485785	0.2421608812337703	0.2518143472673369	-3.9035512451444347	1.5245014330623232
47	-7804.797507155904	-7811.420777095194	-7804.797507155904	-6.623269939290802	-7804.797507155904	0.8857873164670043	0.7196575698626352	0.9328380913781759	0.24926732575031452	0.2567574457485785	0.2421608812337703	0.2518143472673369	-3.806387403221292	1.2803884434062318
