#
#model:
#
#<?xml version="1.0" encoding="UTF-8" standalone="no"?><input id="posterior" spec="beast.core.util.CompoundDistribution">
#    <distribution id="prior" spec="beast.core.util.CompoundDistribution">
#        <distribution id="YuleModel.t:alignment_twin_evidence" spec="beast.evolution.speciation.YuleModel">
#            <parameter id="birthRate.t:alignment_twin_evidence" name="birthDiffRate" spec="beast.core.parameter.RealParameter">1.0</parameter>
#            <tree id="Tree.t:alignment_twin_evidence" spec="beast.evolution.tree.Tree">
#                <taxonset id="TaxonSet.alignment_twin_evidence" spec="beast.evolution.alignment.TaxonSet">
#                </taxonset>
#            </tree>
#        </distribution>
#        <prior id="YuleBirthRatePrior.t:alignment_twin_evidence" name="distribution" x="@birthRate.t:alignment_twin_evidence">
#            <Uniform id="Uniform.100" name="distr" upper="Infinity"/>
#        </prior>
#        <prior id="kappa1Prior.s:alignment_twin_evidence" name="distribution">
#            <parameter id="kappa1.s:alignment_twin_evidence" lower="0.0" name="x" spec="beast.core.parameter.RealParameter">2.0</parameter>
#            <LogNormal id="LogNormalDistributionModel.0" name="distr">
#                <parameter estimate="false" id="RealParameter.0" name="M" spec="beast.core.parameter.RealParameter">1.0</parameter>
#                <parameter estimate="false" id="RealParameter.1" lower="0.0" name="S" spec="beast.core.parameter.RealParameter" upper="Infinity">1.25</parameter>
#            </LogNormal>
#        </prior>
#        <prior id="kappa2Prior.s:alignment_twin_evidence" name="distribution">
#            <parameter id="kappa2.s:alignment_twin_evidence" lower="0.0" name="x" spec="beast.core.parameter.RealParameter">2.0</parameter>
#            <LogNormal id="LogNormalDistributionModel.1" name="distr">
#                <parameter estimate="false" id="RealParameter.2" name="M" spec="beast.core.parameter.RealParameter">1.0</parameter>
#                <parameter estimate="false" id="RealParameter.3" lower="0.0" name="S" spec="beast.core.parameter.RealParameter" upper="Infinity">1.25</parameter>
#            </LogNormal>
#        </prior>
#    </distribution>
#    <distribution id="likelihood" spec="beast.core.util.CompoundDistribution" useThreads="true">
#        <distribution data="@alignment_twin_evidence" id="treeLikelihood.alignment_twin_evidence" spec="beast.evolution.likelihood.ThreadedTreeLikelihood" tree="@Tree.t:alignment_twin_evidence">
#            <siteModel id="SiteModel.s:alignment_twin_evidence" spec="beast.evolution.sitemodel.SiteModel">
#                <parameter estimate="false" id="mutationRate.s:alignment_twin_evidence" name="mutationRate" spec="beast.core.parameter.RealParameter">1.0</parameter>
#                <parameter estimate="false" id="gammaShape.s:alignment_twin_evidence" name="shape" spec="beast.core.parameter.RealParameter">1.0</parameter>
#                <parameter estimate="false" id="proportionInvariant.s:alignment_twin_evidence" lower="0.0" name="proportionInvariant" spec="beast.core.parameter.RealParameter" upper="1.0">0.0</parameter>
#                <substModel id="tn93.s:alignment_twin_evidence" kappa1="@kappa1.s:alignment_twin_evidence" kappa2="@kappa2.s:alignment_twin_evidence" spec="beast.evolution.substitutionmodel.TN93">
#                    <frequencies id="estimatedFreqs.s:alignment_twin_evidence" spec="beast.evolution.substitutionmodel.Frequencies">
#                        <parameter dimension="4" id="freqParameter.s:alignment_twin_evidence" lower="0.0" name="frequencies" spec="beast.core.parameter.RealParameter" upper="1.0">0.25</parameter>
#                    </frequencies>
#                </substModel>
#            </siteModel>
#            <branchRateModel id="StrictClock.c:alignment_twin_evidence" spec="beast.evolution.branchratemodel.StrictClockModel">
#                <parameter estimate="false" id="clockRate.c:alignment_twin_evidence" name="clock.rate" spec="beast.core.parameter.RealParameter">1.0</parameter>
#            </branchRateModel>
#        </distribution>
#    </distribution>
#</input>
#
Sample	NSlikelihood	posterior	likelihood	prior	treeLikelihood	TreeHeight	kappa1	kappa2	freqParameter.1	freqParameter.2	freqParameter.3	freqParameter.4	YuleModel	birthRate
0	-12422.489865859845	-12417.446908967984	-12422.489865859845	5.042956891861632	-12422.489865859845	0.08604505760812492	1.9836394936372956	4.561557159581263	0.23725521331262414	0.2472037942532818	0.24876873874798966	0.2667722536861044	9.647236186254801	14.854852608285505
1	-8992.447035929781	-8997.019951732127	-8992.447035929781	-4.572915802346764	-8992.447035929781	0.5127058610272752	1.9955734520303186	6.006247749147334	0.23725521331262414	0.2483123158199191	0.2537552511041783	0.2606772197632784	0.42667781647789527	3.315989919199503
2	-8124.445049828398	-8127.482765264644	-8124.445049828398	-3.0377154362455387	-8124.445049828398	0.18359042510470241	1.470560772895841	12.560121479008778	0.23569891432512957	0.2542895532892808	0.2441163088431075	0.26589522354248196	3.0330020659822843	15.03686113452042
3	-7954.364207800201	-7956.417699539083	-7954.364207800201	-2.0534917388817266	-7954.364207800201	0.14688219973961447	4.029684573747883	6.3816292988113785	0.2533078025640901	0.24007024122360204	0.2590864275335818	0.24753552867872597	3.760446979671255	3.9038994265236493
4	-7948.1598080348695	-7960.016969327213	-7948.1598080348695	-11.857161292343172	-7948.1598080348695	0.868616718770588	3.162381949596832	19.418073229726094	0.2617444763108942	0.24007024122360204	0.26444814404903916	0.23373713841646448	-4.211032624291283	2.184781461109957
5	-7346.284178135793	-7350.309228304827	-7346.284178135793	-4.025050169034735	-7346.284178135793	0.4003643471509652	0.9695609833871749	11.300273093039221	0.25044340850225244	0.23314637291144594	0.2812692484140762	0.23514097017222532	1.6427605180047715	2.930828439800215
6	-7032.905781674116	-7034.634770838026	-7032.905781674116	-1.7289891639098205	-7032.905781674116	0.28870581812057466	0.8290957172615318	4.8225766730203565	0.25550099911155427	0.23721482259419474	0.27621165780477436	0.23107252048947652	2.4974310451551895	7.469197443271521
7	-6669.352642873526	-6675.7094465408345	-6669.352642873526	-6.356803667309019	-6669.352642873526	0.6650383070059619	2.1204037609500244	1.6064035407223818	0.2665870899543433	0.23753668302618958	0.2654669650313063	0.2304092619881607	-2.738754295500821	1.1316826513406124
8	-6626.651168556347	-6634.7063939292075	-6626.651168556347	-8.055225372859729	-6626.651168556347	0.6239975434602818	13.800848111967221	3.0447887455708424	0.2570384205249573	0.23646508809942207	0.28339854461837294	0.22309794675724764	-1.1840630147880895	3.0077663047345866
9	-6618.61272464242	-6625.078867202494	-6618.61272464242	-6.466142560073827	-6618.61272464242	1.0296664726424098	1.717136925486186	2.067039921314739	0.23966292349035903	0.2462409687491189	0.2909981610032743	0.22309794675724764	-2.823680440481799	2.276335695743887
10	-6531.666980546687	-6535.5084823939615	-6531.666980546687	-3.84150184727424	-6531.666980546687	0.34359590798597045	2.3002974468668937	3.339932773383371	0.2244365144261085	0.2606771083604303	0.30475371960902886	0.21013265760443217	0.5041448305040293	4.614187280038095
11	-6343.641200386273	-6350.36042318008	-6343.641200386273	-6.719222793807125	-6343.641200386273	0.7024481662811782	4.745749052886119	1.7421337310952811	0.22266309136393742	0.2644702355607237	0.3020664080527675	0.2108002650225712	-2.1599936433880425	3.543993276819989
12	-6329.07298826744	-6339.05812151272	-6329.07298826744	-9.985133245279846	-6329.07298826744	1.9373867991639209	5.2000656473967535	1.334676183478361	0.22141178913678652	0.25762223553039165	0.3078773123010714	0.21308866303175028	-5.467052914521325	0.6117164163858302
13	-6035.620176839234	-6045.593634050812	-6035.620176839234	-9.973457211578221	-6035.620176839234	1.1397475681527829	5.2000656473967535	1.8685396793103266	0.21853285132740244	0.24566624979143353	0.3216524795356856	0.21414841934547832	-5.235854503355295	0.5379867082112278
14	-5899.798075655346	-5904.108687337727	-5899.798075655346	-4.310611682381215	-5899.798075655346	0.5792395195098535	1.2310240295202142	1.2412793826133863	0.22702345310785352	0.2398726448209576	0.33455150568302855	0.1985523963881601	-1.205037805666191	3.848153688025795
15	-5785.895668538872	-5789.322030721556	-5785.895668538872	-3.4263621826840502	-5785.895668538872	0.6010161358141388	1.1024121169484171	0.7336734676239615	0.21936254211341347	0.2326840450749029	0.33430373369738514	0.21364967911429822	-0.5448538249163004	3.170012957628045
16	-5773.37823027843	-5777.893363715856	-5773.37823027843	-4.515133437425544	-5773.37823027843	0.8804940646393189	1.1024121169484171	0.3988796458160346	0.2081069985953176	0.24732673165090355	0.31419812643987016	0.2303681433139084	-1.6133856866472747	2.8684618119584298
17	-5764.771244459159	-5770.003645063624	-5764.771244459159	-5.23240060446507	-5764.771244459159	0.9415339762669556	0.8994051144454781	0.3048645619850843	0.19288809646655836	0.25380383300821024	0.31419812643987016	0.23910994408536093	-2.31890214833701	2.8728690732998645
18	-5748.467307852134	-5755.699804157142	-5748.467307852134	-7.232496305008309	-5748.467307852134	1.8069363949270976	0.6214489323062315	0.530650166694004	0.20517179148966233	0.25315712675159846	0.30546474077844005	0.2362063409802988	-4.506801217021598	1.0305972287801648
19	-5731.855398866004	-5738.431519432276	-5731.855398866004	-6.576120566271709	-5731.855398866004	0.8110536733266838	1.1227339896740312	0.7912046323414852	0.19779897066922084	0.25155270353016934	0.30546474077844005	0.24518358502216944	-3.6727515665942834	0.6530074640041884
20	-5729.780132304627	-5734.945629649749	-5729.780132304627	-5.1654973451221124	-5729.780132304627	0.9137325110473608	1.0716308598426747	0.7912046323414852	0.19779897066922084	0.25298029849117554	0.30403714581743385	0.24518358502216944	-2.281656057618902	2.769657814021166
21	-5728.087149139135	-5732.362917347894	-5728.087149139135	-4.2757682087586595	-5728.087149139135	0.8465546604501296	0.8659956575373247	0.9465596784212009	0.20698300885437537	0.26457582655863127	0.30470734901089613	0.223733815576097	-1.4155815606429816	1.787235825014961
22	-5727.018045733481	-5732.775265454815	-5727.018045733481	-5.757219721333651	-5727.018045733481	0.924876172763994	1.0736711917942148	0.9034025365482061	0.20698300885437537	0.26457582655863127	0.30470734901089613	0.223733815576097	-2.839117415881704	3.372021871395784
23	-5721.751317373487	-5727.01938508327	-5721.751317373487	-5.268067709782991	-5721.751317373487	1.0603403833621101	1.0736711917942148	0.9034025365482061	0.20698300885437537	0.2547320527260612	0.29920231116646845	0.23908262725309476	-2.349965404331044	1.8697230934076905
24	-5720.394131973461	-5728.147262884667	-5720.394131973461	-7.753130911205437	-5720.394131973461	1.1045309211657277	0.8662040909266342	0.7419141962396978	0.2112207484808134	0.2487391680533613	0.2918986686371079	0.2481414148287172	-4.953024287920721	4.040538962914694
25	-5719.99313854105	-5725.535907552113	-5719.99313854105	-5.54276901106255	-5719.99313854105	1.1296679670315077	1.022696499429616	0.6443877059333212	0.20714658182101642	0.2487391680533613	0.28668499113112683	0.2574292589944953	-2.7067694232176045	1.2180492398618303
26	-5714.738275662832	-5719.815685324654	-5714.738275662832	-5.077409661821909	-5714.738275662832	0.9490952854158938	1.2675651835951898	0.6443877059333212	0.22618274963976961	0.27239790118114876	0.273631711113312	0.22778763806576952	-2.14630647923934	1.3528586740547934
27	-5712.774711485789	-5718.880141985359	-5712.774711485789	-6.1054304995697635	-5712.774711485789	1.1341450331693144	0.9287131451737253	0.8138333721469787	0.23040401681005268	0.2572183977513935	0.27625920308593416	0.23611838235261962	-3.266720452549283	2.5105397030393077
28	-5707.56942501718	-5714.245267765548	-5707.56942501718	-6.675842748368057	-5707.56942501718	1.1212319707424774	0.9458918178971238	0.7241489808805788	0.23542817637870314	0.2502386182280455	0.2834811160603938	0.23085208933285756	-3.8535717550098685	3.290328589884711
29	-5704.279939332288	-5709.503655330337	-5704.279939332288	-5.223715998048741	-5704.279939332288	0.9785989939288269	0.8674542919917927	0.9763426768126598	0.25144389453801086	0.24656782774724958	0.2745096390637313	0.2274786386510082	-2.352706700903708	2.303118659592177
30	-5701.609561143284	-5707.381244893898	-5701.609561143284	-5.7716837506137315	-5701.609561143284	0.9783745922375368	1.1425478416969619	1.0162946810171811	0.2482297552885998	0.25686661434142316	0.26822021233021226	0.22668341803976472	-2.787960622952524	3.0077554841800556
31	-5699.849757542419	-5705.3018267813	-5699.849757542419	-5.452069238881346	-5699.849757542419	1.0000893918761895	0.9555419702658411	1.0284077630851352	0.25293772425403505	0.25686661434142316	0.2625595108898799	0.22763615051466185	-2.5332795254653497	2.7201186367793966
32	-5699.821609160848	-5705.427212449356	-5699.821609160848	-5.605603288507833	-5699.821609160848	1.0528423210975295	0.9165170601153945	0.9100387394365574	0.2550982665389946	0.2614635339947242	0.2558020489516193	0.22763615051466185	-2.7414830101833516	2.422608441326194
33	-5699.391097295851	-5704.2987898027095	-5699.391097295851	-4.907692506858296	-5699.391097295851	0.9805668468749636	0.819105053634605	0.7473429934788619	0.26019464486716254	0.2614635339947242	0.2410193689598073	0.23732245217830594	-2.1203244394373173	2.3459240742218883
34	-5697.993187441917	-5704.179039443538	-5697.993187441917	-6.185852001621578	-5697.993187441917	1.1227183215107743	0.819105053634605	0.643153858356363	0.25417614066678207	0.2628293763367082	0.2410193689598073	0.2419751140367024	-3.4173366344018894	2.837373681290965
35	-5697.718206499128	-5702.626189357916	-5697.718206499128	-4.907982858787531	-5697.718206499128	0.9572738522472473	1.0585266270394436	0.8998257616421831	0.24492428100656596	0.26134166205648124	0.24652330988230314	0.24721074705464963	-1.9967415404962905	2.0633566870588176
36	-5697.389136703989	-5702.213998896882	-5697.389136703989	-4.824862192893423	-5697.389136703989	0.9727713917001103	0.7929846787422665	0.8998257616421831	0.24396406570435689	0.26134166205648124	0.25858640646736003	0.23610786577180176	-2.0014182103659324	1.8431858359345905
37	-5697.0196963518265	-5701.947960729942	-5697.0196963518265	-4.928264378115535	-5697.0196963518265	0.986271912660137	0.9396215945806705	0.8896116673847848	0.24796818553120584	0.25533912502465694	0.2541166687798024	0.24257602066433476	-2.0630102019230394	2.2276917095037563
38	-5696.804705092531	-5701.759310901453	-5696.804705092531	-4.954605808922484	-5696.804705092531	1.022976822958966	0.8660138773091678	0.713324193532855	0.2516140969735099	0.2572277312079846	0.24293767530293933	0.2482204965155661	-2.1607030437367207	1.7892384617407378
39	-5695.870895131759	-5701.739619456995	-5695.870895131759	-5.868724325234853	-5695.870895131759	0.9499823743109317	0.8878851835969976	0.7131131151284735	0.2493404520627153	0.25207364549647415	0.2528134564133273	0.24577244602748316	-3.067982366062342	3.464152523368849
40	-5695.740850436582	-5701.847439875707	-5695.740850436582	-6.106589439125213	-5695.740850436582	1.023978639659508	0.887628957744752	0.8842548760219395	0.24807381959987534	0.25632879238249356	0.25296848699790514	0.24262890101972587	-3.260232435490231	3.268549571847538
41	-5695.29645125795	-5700.4261863714355	-5695.29645125795	-5.129735113485227	-5695.29645125795	1.0359911769607997	0.887628957744752	0.8115974323029869	0.24826070949856552	0.25632879238249356	0.2552677862946528	0.240142711824288	-2.3051422839068914	2.138270281829219
42	-5695.154913929769	-5700.411650381395	-5695.154913929769	-5.256736451626671	-5695.154913929769	1.0020475017865704	0.8993325840219621	0.8004232397662604	0.2491458061608813	0.25471318606827104	0.2568833926088753	0.23925761516197222	-2.4314496077075796	2.5058693409713553
43	-5695.048277639308	-5701.415522173892	-5695.048277639308	-6.3672445345832935	-5695.048277639308	0.99636832666697	0.9081587883480616	0.8004232397662604	0.25157148603735435	0.25471318606827104	0.2544577127324023	0.23925761516197222	-3.539074478890868	3.5568894925989656
44	-5695.002182470265	-5699.903652569822	-5695.002182470265	-4.9014700995564136	-5695.002182470265	0.9953714557836991	0.9081587883480616	0.8004232397662604	0.24844077446724253	0.25784389763838284	0.2544577127324023	0.23925761516197222	-2.0733000438639886	1.679914430115866
45	-5694.977326510451	-5700.643370747098	-5694.977326510451	-5.666044236646854	-5694.977326510451	1.0081295608965553	0.9081587883480616	0.8136442516292001	0.24489152764983055	0.25784389763838284	0.2539400358086314	0.2433245389031551	-2.834224645512382	2.936697175278433
46	-5694.974249005046	-5699.948600250039	-5694.974249005046	-4.9743512449932155	-5694.974249005046	1.0137960720445602	0.9081587883480616	0.7943016919675692	0.24489152764983055	0.25784389763838284	0.2539400358086314	0.2433245389031551	-2.1478323419291034	1.6109963418232993
47	-5694.972333637254	-5699.976789728939	-5694.972333637254	-5.004456091685018	-5694.972333637254	1.0123823696523346	0.8793862433651348	0.7943016919675692	0.24713656178259186	0.25784389763838284	0.2539400358086314	0.2410795047703938	-2.1872107255231645	2.114215774838815
48	-5694.961381333979	-5700.035909628256	-5694.961381333979	-5.074528294277316	-5694.961381333979	1.0236365298771148	0.8793862433651348	0.7943016919675692	0.24713656178259186	0.25784389763838284	0.2539400358086314	0.2410795047703938	-2.2572829281154636	2.1274600475003664
49	-5694.910872389569	-5699.966169348371	-5694.910872389569	-5.055296958802272	-5694.910872389569	1.003185083597981	0.8793862433651348	0.7943016919675692	0.24935982580210309	0.2549074174560459	0.25171677178912016	0.24401598495273072	-2.238051592640419	1.3825442245435993
50	-5694.903935329147	-5700.136318695635	-5694.903935329147	-5.232383366487586	-5694.903935329147	1.002861307355084	0.8793862433651348	0.7951797816383683	0.24878925732455798	0.2560396804926053	0.2511550772301059	0.24401598495273072	-2.4149026985543047	2.5165688478000394
51	-5694.897211767891	-5699.898154301691	-5694.897211767891	-5.000942533799082	-5694.897211767891	1.0111526719238122	0.8793862433651348	0.7951797816383683	0.24878925732455798	0.2560396804926053	0.2511550772301059	0.24401598495273072	-2.183461865865801	2.0629840913799242
52	-5694.889147905618	-5700.046796179009	-5694.889147905618	-5.157648273390579	-5694.889147905618	1.0253372676792283	0.8793862433651348	0.7951797816383683	0.24878925732455798	0.2560396804926053	0.2511550772301059	0.24401598495273072	-2.3401676054572977	2.2808608158470727
53	-5694.87263064944	-5699.932967912537	-5694.87263064944	-5.060337263096364	-5694.87263064944	1.0113780911502042	0.8793862433651348	0.7951797816383683	0.24878925732455798	0.2560396804926053	0.2511550772301059	0.24401598495273072	-2.242856595163083	2.22021358736749
54	-5694.86935299716	-5700.266350187406	-5694.86935299716	-5.396997190246232	-5694.86935299716	1.0113780911502042	0.8793862433651348	0.7951797816383683	0.24878925732455798	0.2560396804926053	0.2511550772301059	0.24401598495273072	-2.5795165223129515	1.1196346905403987
55	-5694.868611860791	-5700.014759707551	-5694.868611860791	-5.14614784676016	-5694.868611860791	1.0113780911502042	0.8793862433651348	0.7951797816383683	0.24878925732455798	0.2560396804926053	0.2511550772301059	0.24401598495273072	-2.3286671788268793	1.3100004027235703
56	-5694.86725062701	-5699.892986712411	-5694.86725062701	-5.0257360853999495	-5694.86725062701	1.014721179730906	0.8793862433651348	0.7951797816383683	0.249546794596224	0.2560396804926053	0.2511550772301059	0.2432584476810647	-2.2082554174666686	1.4739134796950657
57	-5694.862588607269	-5699.815603144491	-5694.862588607269	-4.953014537222564	-5694.862588607269	1.0160316679706174	0.8793862433651348	0.7951797816383683	0.2493066971463601	0.2560396804926053	0.25139517467996975	0.2432584476810647	-2.1355338692892833	1.687847719410531
58	-5694.857492602639	-5701.3124034235225	-5694.857492602639	-6.454910820884034	-5694.857492602639	1.0141248909613632	0.8793862433651348	0.7951797816383683	0.2493066971463601	0.2560396804926053	0.25289867524723286	0.24175494711380158	-3.6374301529507527	3.5337008501479192
59	-5694.857199708821	-5701.31376903032	-5694.857199708821	-6.45656932149924	-5694.857199708821	1.0197205793889197	0.8793862433651348	0.7951797816383683	0.2493066971463601	0.2560396804926053	0.25289867524723286	0.24175494711380158	-3.639088653565959	3.5154231165688006
60	-5694.855028406127	-5700.465535401275	-5694.855028406127	-5.610506995148602	-5694.855028406127	1.017574580510553	0.8793862433651348	0.7951797816383683	0.2488827360830469	0.2564636415559185	0.2525405861517853	0.2421130362092491	-2.7930263272153213	2.830389516493036
61	-5694.853734274913	-5700.664702380236	-5694.853734274913	-5.8109681053233135	-5694.853734274913	1.013361655131966	0.8793862433651348	0.7951797816383683	0.248322647611971	0.2564636415559185	0.2525405861517853	0.24267312468032498	-2.9934874373900326	3.037922356616538
